[debug] [2022-08-08T17:38:15.518Z] ----------------------------------------------------------------------
[debug] [2022-08-08T17:38:15.520Z] Command:       C:\Program Files\nodejs\node.exe C:\Users\acer\AppData\Roaming\npm\node_modules\firebase-tools\lib\bin\firebase.js deploy
[debug] [2022-08-08T17:38:15.520Z] CLI Version:   11.1.0
[debug] [2022-08-08T17:38:15.520Z] Platform:      win32
[debug] [2022-08-08T17:38:15.520Z] Node Version:  v16.15.0
[debug] [2022-08-08T17:38:15.521Z] Time:          Tue Aug 09 2022 00:38:15 GMT+0700 (เวลาอินโดจีน)
[debug] [2022-08-08T17:38:15.521Z] ----------------------------------------------------------------------
[debug] 
[debug] [2022-08-08T17:38:15.524Z] >>> [apiv2][query] GET https://firebase-public.firebaseio.com/cli.json [none]
[debug] [2022-08-08T17:38:15.587Z] > command requires scopes: ["email","openid","https://www.googleapis.com/auth/cloudplatformprojects.readonly","https://www.googleapis.com/auth/firebase","https://www.googleapis.com/auth/cloud-platform"]
[debug] [2022-08-08T17:38:15.587Z] > authorizing via signed-in user (nonthakan@kkumail.com)
[debug] [2022-08-08T17:38:15.588Z] [iam] checking project emotion-reader-application for permissions ["firebase.projects.get","firebasehosting.sites.update"]
[debug] [2022-08-08T17:38:15.588Z] > refreshing access token with scopes: []
[debug] [2022-08-08T17:38:15.589Z] >>> [apiv2][query] POST https://www.googleapis.com/oauth2/v3/token [none]
[debug] [2022-08-08T17:38:15.589Z] >>> [apiv2][body] POST https://www.googleapis.com/oauth2/v3/token [omitted]
[debug] [2022-08-08T17:38:15.763Z] <<< [apiv2][status] POST https://www.googleapis.com/oauth2/v3/token 400
[debug] [2022-08-08T17:38:15.763Z] <<< [apiv2][body] POST https://www.googleapis.com/oauth2/v3/token [omitted]
[debug] [2022-08-08T17:38:15.763Z] >>> [apiv2][query] POST https://cloudresourcemanager.googleapis.com/v1/projects/emotion-reader-application:testIamPermissions [none]
[debug] [2022-08-08T17:38:15.764Z] >>> [apiv2][body] POST https://cloudresourcemanager.googleapis.com/v1/projects/emotion-reader-application:testIamPermissions {"permissions":["firebase.projects.get","firebasehosting.sites.update"]}
[debug] [2022-08-08T17:38:16.359Z] <<< [apiv2][status] GET https://firebase-public.firebaseio.com/cli.json 200
[debug] [2022-08-08T17:38:16.359Z] <<< [apiv2][body] GET https://firebase-public.firebaseio.com/cli.json {"cloudBuildErrorAfter":1594252800000,"cloudBuildWarnAfter":1590019200000,"defaultNode10After":1594252800000,"minVersion":"3.0.5","node8DeploysDisabledAfter":1613390400000,"node8RuntimeDisabledAfter":1615809600000,"node8WarnAfter":1600128000000}
[debug] [2022-08-08T17:38:17.400Z] <<< [apiv2][status] POST https://cloudresourcemanager.googleapis.com/v1/projects/emotion-reader-application:testIamPermissions 401
[debug] [2022-08-08T17:38:17.400Z] <<< [apiv2][body] POST https://cloudresourcemanager.googleapis.com/v1/projects/emotion-reader-application:testIamPermissions {"error":{"code":401,"message":"Request had invalid authentication credentials. Expected OAuth 2 access token, login cookie or other valid authentication credential. See https://developers.google.com/identity/sign-in/web/devconsole-project.","status":"UNAUTHENTICATED","details":[{"@type":"type.googleapis.com/google.rpc.ErrorInfo","reason":"ACCESS_TOKEN_TYPE_UNSUPPORTED","metadata":{"service":"cloudresourcemanager.googleapis.com","method":"google.cloudresourcemanager.v1.Projects.TestIamPermissions"}}]}}
[debug] [2022-08-08T17:38:17.402Z] [iam] error while checking permissions, command may fail: FirebaseError: HTTP Error: 401, Request had invalid authentication credentials. Expected OAuth 2 access token, login cookie or other valid authentication credential. See https://developers.google.com/identity/sign-in/web/devconsole-project.
[debug] [2022-08-08T17:38:17.403Z] > refreshing access token with scopes: []
[debug] [2022-08-08T17:38:17.403Z] >>> [apiv2][query] POST https://www.googleapis.com/oauth2/v3/token [none]
[debug] [2022-08-08T17:38:17.403Z] >>> [apiv2][body] POST https://www.googleapis.com/oauth2/v3/token [omitted]
[debug] [2022-08-08T17:38:17.630Z] <<< [apiv2][status] POST https://www.googleapis.com/oauth2/v3/token 400
[debug] [2022-08-08T17:38:17.630Z] <<< [apiv2][body] POST https://www.googleapis.com/oauth2/v3/token [omitted]
[debug] [2022-08-08T17:38:17.631Z] >>> [apiv2][query] GET https://firebase.googleapis.com/v1beta1/projects/emotion-reader-application [none]
[debug] [2022-08-08T17:38:17.832Z] <<< [apiv2][status] GET https://firebase.googleapis.com/v1beta1/projects/emotion-reader-application 401
[debug] [2022-08-08T17:38:17.832Z] <<< [apiv2][body] GET https://firebase.googleapis.com/v1beta1/projects/emotion-reader-application {"error":{"code":401,"message":"Request had invalid authentication credentials. Expected OAuth 2 access token, login cookie or other valid authentication credential. See https://developers.google.com/identity/sign-in/web/devconsole-project.","status":"UNAUTHENTICATED"}}
[debug] [2022-08-08T17:38:17.832Z] HTTP Error: 401, Request had invalid authentication credentials. Expected OAuth 2 access token, login cookie or other valid authentication credential. See https://developers.google.com/identity/sign-in/web/devconsole-project.
[debug] [2022-08-08T17:38:17.986Z] FirebaseError: HTTP Error: 401, Request had invalid authentication credentials. Expected OAuth 2 access token, login cookie or other valid authentication credential. See https://developers.google.com/identity/sign-in/web/devconsole-project.
    at responseToError (C:\Users\acer\AppData\Roaming\npm\node_modules\firebase-tools\lib\responseToError.js:49:12)
    at RetryOperation._fn (C:\Users\acer\AppData\Roaming\npm\node_modules\firebase-tools\lib\apiv2.js:287:77)
    at processTicksAndRejections (node:internal/process/task_queues:96:5)
[error] 
[error] Error: Failed to get Firebase project emotion-reader-application. Please make sure the project exists and your account has permission to access it.
